<?xml version="1.0" encoding="utf-8"?><testsuites name="pytest tests"><testsuite name="pytest" errors="0" failures="2" skipped="0" tests="12" time="1.302" timestamp="2026-06-26T15:38:33.955902+00:00" hostname="agent-env-5390fe71-3057-4c9c-a031-93ec24937c23"><testcase classname="backend.tests.test_streamvisionar.TestProjects" name="test_list_projects" time="0.283" /><testcase classname="backend.tests.test_streamvisionar.TestProjects" name="test_get_project_by_id" time="0.073" /><testcase classname="backend.tests.test_streamvisionar.TestProjects" name="test_get_project_404" time="0.046" /><testcase classname="backend.tests.test_streamvisionar.TestProjectIssues" name="test_project_issues_list" time="0.046" /><testcase classname="backend.tests.test_streamvisionar.TestProjectIssues" name="test_project_activity_list" time="0.058" /><testcase classname="backend.tests.test_streamvisionar.TestIssueFlow" name="test_create_issue_bumps_open_and_logs_activity" time="0.191"><failure message="assert 3 == (5 + 1)&#10; +  where 5 = TestIssueFlow.initial_open">backend/tests/test_streamvisionar.py:108: in test_create_issue_bumps_open_and_logs_activity
    assert rp.json()["open_issues"] == TestIssueFlow.initial_open + 1
E   assert 3 == (5 + 1)
E    +  where 5 = TestIssueFlow.initial_open</failure></testcase><testcase classname="backend.tests.test_streamvisionar.TestIssueFlow" name="test_patch_issue_resolve_recomputes_open" time="0.152"><failure message="assert 2 == 5&#10; +  where 5 = TestIssueFlow.initial_open">backend/tests/test_streamvisionar.py:128: in test_patch_issue_resolve_recomputes_open
    assert rp.json()["open_issues"] == TestIssueFlow.initial_open
E   assert 2 == 5
E    +  where 5 = TestIssueFlow.initial_open</failure></testcase><testcase classname="backend.tests.test_streamvisionar.TestIssueFlow" name="test_patch_in_review" time="0.100" /><testcase classname="backend.tests.test_streamvisionar.TestIssueFlow" name="test_patch_404" time="0.044" /><testcase classname="backend.tests.test_streamvisionar.TestIssueFlow" name="test_patch_empty_400" time="0.045" /><testcase classname="backend.tests.test_streamvisionar.TestIssueFlow" name="test_create_issue_invalid_project_404" time="0.050" /><testcase classname="backend.tests.test_streamvisionar.TestActivityCreate" name="test_post_comment" time="0.111" /></testsuite></testsuites>